29-May-2024 00:06:34.316 INFO [http-nio-8080-exec-66] org.apache.catalina.startup.HostConfig.undeploy Repliegue (undeploy) de la aplicación web que tiene como trayectoria de contexto [/Proyecto_TaypaFastFood]
29-May-2024 00:06:34.342 INFO [http-nio-8080-exec-65] org.apache.catalina.startup.HostConfig.deployDescriptor Desplieque del descriptor de configuración [E:\UTP TRABAJOS\MARZO 2024\DESARROLLO WEB INTEGRADO\apache-tomcat-10.1.12\conf\Catalina\localhost\Proyecto_TaypaFastFood.xml]
29-May-2024 00:06:34.343 WARNING [http-nio-8080-exec-65] org.apache.catalina.startup.HostConfig.deployDescriptor The path attribute with value [/Proyecto_TaypaFastFood] in deployment descriptor [E:\UTP TRABAJOS\MARZO 2024\DESARROLLO WEB INTEGRADO\apache-tomcat-10.1.12\conf\Catalina\localhost\Proyecto_TaypaFastFood.xml] has been ignored
29-May-2024 00:06:34.594 INFO [http-nio-8080-exec-65] org.apache.jasper.servlet.TldScanner.scanJars Al menos un JAR, que se ha explorado buscando TLDs, aún no contenía TLDs. Activar historial de depuración para este historiador para una completa lista de los JARs que fueron explorados y de los que nos se halló TLDs. Saltarse JARs no necesarios durante la exploración puede dar lugar a una mejora de tiempo significativa en el arranque y compilación de JSP .
29-May-2024 00:06:34.609 INFO [http-nio-8080-exec-65] org.apache.catalina.startup.HostConfig.deployDescriptor Deployment of deployment descriptor [E:\UTP TRABAJOS\MARZO 2024\DESARROLLO WEB INTEGRADO\apache-tomcat-10.1.12\conf\Catalina\localhost\Proyecto_TaypaFastFood.xml] has finished in [267] ms
29-May-2024 00:06:34.610 INFO [http-nio-8080-exec-73] org.apache.catalina.util.LifecycleBase.start The start() method was called on component [StandardEngine[Catalina].StandardHost[localhost].StandardContext[/Proyecto_TaypaFastFood]] after start() had already been called. The second call will be ignored.
29-May-2024 00:08:47.140 INFO [http-nio-8080-exec-75] org.apache.catalina.core.StandardContext.reload Ha comenzado la recarga de Contexto [/Proyecto_TaypaFastFood]
29-May-2024 00:08:47.414 INFO [http-nio-8080-exec-75] org.apache.jasper.servlet.TldScanner.scanJars Al menos un JAR, que se ha explorado buscando TLDs, aún no contenía TLDs. Activar historial de depuración para este historiador para una completa lista de los JARs que fueron explorados y de los que nos se halló TLDs. Saltarse JARs no necesarios durante la exploración puede dar lugar a una mejora de tiempo significativa en el arranque y compilación de JSP .
29-May-2024 00:08:47.426 INFO [http-nio-8080-exec-75] org.apache.catalina.core.StandardContext.reload Se ha completado la recarga de este Contexto
29-May-2024 00:08:53.706 INFO [http-nio-8080-exec-78] org.apache.catalina.core.StandardContext.reload Ha comenzado la recarga de Contexto [/Proyecto_TaypaFastFood]
29-May-2024 00:08:53.954 INFO [http-nio-8080-exec-78] org.apache.jasper.servlet.TldScanner.scanJars Al menos un JAR, que se ha explorado buscando TLDs, aún no contenía TLDs. Activar historial de depuración para este historiador para una completa lista de los JARs que fueron explorados y de los que nos se halló TLDs. Saltarse JARs no necesarios durante la exploración puede dar lugar a una mejora de tiempo significativa en el arranque y compilación de JSP .
29-May-2024 00:08:53.967 INFO [http-nio-8080-exec-78] org.apache.catalina.core.StandardContext.reload Se ha completado la recarga de este Contexto
29-May-2024 00:09:43.206 INFO [http-nio-8080-exec-81] org.apache.catalina.core.StandardContext.reload Ha comenzado la recarga de Contexto [/Proyecto_TaypaFastFood]
29-May-2024 00:09:43.473 INFO [http-nio-8080-exec-81] org.apache.jasper.servlet.TldScanner.scanJars Al menos un JAR, que se ha explorado buscando TLDs, aún no contenía TLDs. Activar historial de depuración para este historiador para una completa lista de los JARs que fueron explorados y de los que nos se halló TLDs. Saltarse JARs no necesarios durante la exploración puede dar lugar a una mejora de tiempo significativa en el arranque y compilación de JSP .
29-May-2024 00:09:43.487 INFO [http-nio-8080-exec-81] org.apache.catalina.core.StandardContext.reload Se ha completado la recarga de este Contexto
29-May-2024 00:09:48.603 INFO [http-nio-8080-exec-76] org.apache.catalina.core.StandardContext.reload Ha comenzado la recarga de Contexto [/Proyecto_TaypaFastFood]
29-May-2024 00:09:48.863 INFO [http-nio-8080-exec-76] org.apache.jasper.servlet.TldScanner.scanJars Al menos un JAR, que se ha explorado buscando TLDs, aún no contenía TLDs. Activar historial de depuración para este historiador para una completa lista de los JARs que fueron explorados y de los que nos se halló TLDs. Saltarse JARs no necesarios durante la exploración puede dar lugar a una mejora de tiempo significativa en el arranque y compilación de JSP .
29-May-2024 00:09:48.875 INFO [http-nio-8080-exec-76] org.apache.catalina.core.StandardContext.reload Se ha completado la recarga de este Contexto
29-May-2024 00:32:41.565 INFO [http-nio-8080-exec-92] org.apache.catalina.startup.HostConfig.deployDescriptor Desplieque del descriptor de configuración [E:\UTP TRABAJOS\MARZO 2024\DESARROLLO WEB INTEGRADO\apache-tomcat-10.1.12\conf\Catalina\localhost\pryBootstrap.xml]
29-May-2024 00:32:41.566 WARNING [http-nio-8080-exec-92] org.apache.catalina.startup.HostConfig.deployDescriptor The path attribute with value [/pryBootstrap] in deployment descriptor [E:\UTP TRABAJOS\MARZO 2024\DESARROLLO WEB INTEGRADO\apache-tomcat-10.1.12\conf\Catalina\localhost\pryBootstrap.xml] has been ignored
29-May-2024 00:32:41.586 INFO [http-nio-8080-exec-92] org.apache.catalina.startup.HostConfig.deployDescriptor Deployment of deployment descriptor [E:\UTP TRABAJOS\MARZO 2024\DESARROLLO WEB INTEGRADO\apache-tomcat-10.1.12\conf\Catalina\localhost\pryBootstrap.xml] has finished in [21] ms
29-May-2024 00:32:41.588 INFO [http-nio-8080-exec-97] org.apache.catalina.util.LifecycleBase.start The start() method was called on component [StandardEngine[Catalina].StandardHost[localhost].StandardContext[/pryBootstrap]] after start() had already been called. The second call will be ignored.
29-May-2024 00:46:58.711 INFO [http-nio-8080-exec-99] org.apache.catalina.core.StandardContext.reload Ha comenzado la recarga de Contexto [/Proyecto_TaypaFastFood]
29-May-2024 00:46:58.974 INFO [http-nio-8080-exec-99] org.apache.jasper.servlet.TldScanner.scanJars Al menos un JAR, que se ha explorado buscando TLDs, aún no contenía TLDs. Activar historial de depuración para este historiador para una completa lista de los JARs que fueron explorados y de los que nos se halló TLDs. Saltarse JARs no necesarios durante la exploración puede dar lugar a una mejora de tiempo significativa en el arranque y compilación de JSP .
29-May-2024 00:46:58.987 INFO [http-nio-8080-exec-99] org.apache.catalina.core.StandardContext.reload Se ha completado la recarga de este Contexto
29-May-2024 00:47:18.126 INFO [http-nio-8080-exec-100] org.apache.catalina.core.StandardContext.reload Ha comenzado la recarga de Contexto [/Proyecto_TaypaFastFood]
29-May-2024 00:47:18.382 INFO [http-nio-8080-exec-100] org.apache.jasper.servlet.TldScanner.scanJars Al menos un JAR, que se ha explorado buscando TLDs, aún no contenía TLDs. Activar historial de depuración para este historiador para una completa lista de los JARs que fueron explorados y de los que nos se halló TLDs. Saltarse JARs no necesarios durante la exploración puede dar lugar a una mejora de tiempo significativa en el arranque y compilación de JSP .
29-May-2024 00:47:18.394 INFO [http-nio-8080-exec-100] org.apache.catalina.core.StandardContext.reload Se ha completado la recarga de este Contexto
29-May-2024 00:50:08.829 INFO [http-nio-8080-exec-94] org.apache.catalina.startup.HostConfig.undeploy Repliegue (undeploy) de la aplicación web que tiene como trayectoria de contexto [/Proyecto_TaypaFastFood]
29-May-2024 00:50:08.844 INFO [http-nio-8080-exec-106] org.apache.catalina.startup.HostConfig.deployDescriptor Desplieque del descriptor de configuración [E:\UTP TRABAJOS\MARZO 2024\DESARROLLO WEB INTEGRADO\apache-tomcat-10.1.12\conf\Catalina\localhost\Proyecto_TaypaFastFood.xml]
29-May-2024 00:50:08.845 WARNING [http-nio-8080-exec-106] org.apache.catalina.startup.HostConfig.deployDescriptor The path attribute with value [/Proyecto_TaypaFastFood] in deployment descriptor [E:\UTP TRABAJOS\MARZO 2024\DESARROLLO WEB INTEGRADO\apache-tomcat-10.1.12\conf\Catalina\localhost\Proyecto_TaypaFastFood.xml] has been ignored
29-May-2024 00:50:09.100 INFO [http-nio-8080-exec-106] org.apache.jasper.servlet.TldScanner.scanJars Al menos un JAR, que se ha explorado buscando TLDs, aún no contenía TLDs. Activar historial de depuración para este historiador para una completa lista de los JARs que fueron explorados y de los que nos se halló TLDs. Saltarse JARs no necesarios durante la exploración puede dar lugar a una mejora de tiempo significativa en el arranque y compilación de JSP .
29-May-2024 00:50:09.114 INFO [http-nio-8080-exec-106] org.apache.catalina.startup.HostConfig.deployDescriptor Deployment of deployment descriptor [E:\UTP TRABAJOS\MARZO 2024\DESARROLLO WEB INTEGRADO\apache-tomcat-10.1.12\conf\Catalina\localhost\Proyecto_TaypaFastFood.xml] has finished in [270] ms
29-May-2024 00:50:09.116 INFO [http-nio-8080-exec-105] org.apache.catalina.util.LifecycleBase.start The start() method was called on component [StandardEngine[Catalina].StandardHost[localhost].StandardContext[/Proyecto_TaypaFastFood]] after start() had already been called. The second call will be ignored.
29-May-2024 00:51:03.509 INFO [main] org.apache.catalina.core.StandardServer.await Se ha recibido un comando de apagado a través del puerto de apagado. Parando la instancia del Servidor.
29-May-2024 00:51:03.510 INFO [main] org.apache.coyote.AbstractProtocol.pause Pausing ProtocolHandler ["http-nio-8080"]
29-May-2024 00:51:03.517 INFO [main] org.apache.catalina.core.StandardService.stopInternal Parando servicio [Catalina]
29-May-2024 00:51:03.527 INFO [main] org.apache.coyote.AbstractProtocol.stop Stopping ProtocolHandler ["http-nio-8080"]
29-May-2024 00:51:03.530 INFO [main] org.apache.coyote.AbstractProtocol.destroy Destroying ProtocolHandler ["http-nio-8080"]
29-May-2024 22:47:14.409 INFO [main] org.apache.catalina.startup.VersionLoggerListener.log Nombre de la versión del servidor: Apache Tomcat/10.1.12
29-May-2024 22:47:14.412 INFO [main] org.apache.catalina.startup.VersionLoggerListener.log Server built:                      Aug 8 2023 19:16:13 UTC
29-May-2024 22:47:14.412 INFO [main] org.apache.catalina.startup.VersionLoggerListener.log Número de versión de servidor:     10.1.12.0
29-May-2024 22:47:14.412 INFO [main] org.apache.catalina.startup.VersionLoggerListener.log OS Name:                           Windows 10
29-May-2024 22:47:14.412 INFO [main] org.apache.catalina.startup.VersionLoggerListener.log Versión de Systema Operativo:      10.0
29-May-2024 22:47:14.412 INFO [main] org.apache.catalina.startup.VersionLoggerListener.log Arquitectura:                      amd64
29-May-2024 22:47:14.412 INFO [main] org.apache.catalina.startup.VersionLoggerListener.log Java Home:                         C:\Program Files\Java\jdk-17
29-May-2024 22:47:14.412 INFO [main] org.apache.catalina.startup.VersionLoggerListener.log JVM Version:                       17.0.7+8-LTS-224
29-May-2024 22:47:14.412 INFO [main] org.apache.catalina.startup.VersionLoggerListener.log Vededor JVM:                       Oracle Corporation
29-May-2024 22:47:14.412 INFO [main] org.apache.catalina.startup.VersionLoggerListener.log CATALINA_BASE:                     E:\UTP TRABAJOS\MARZO 2024\DESARROLLO WEB INTEGRADO\apache-tomcat-10.1.12
29-May-2024 22:47:14.413 INFO [main] org.apache.catalina.startup.VersionLoggerListener.log CATALINA_HOME:                     E:\UTP TRABAJOS\MARZO 2024\DESARROLLO WEB INTEGRADO\apache-tomcat-10.1.12
29-May-2024 22:47:14.420 INFO [main] org.apache.catalina.startup.VersionLoggerListener.log Command line argument:             -Djava.util.logging.config.file=E:\UTP TRABAJOS\MARZO 2024\DESARROLLO WEB INTEGRADO\apache-tomcat-10.1.12\conf\logging.properties
29-May-2024 22:47:14.420 INFO [main] org.apache.catalina.startup.VersionLoggerListener.log Command line argument:             -Djava.util.logging.manager=org.apache.juli.ClassLoaderLogManager
29-May-2024 22:47:14.420 INFO [main] org.apache.catalina.startup.VersionLoggerListener.log Command line argument:             -Djdk.tls.ephemeralDHKeySize=2048
29-May-2024 22:47:14.420 INFO [main] org.apache.catalina.startup.VersionLoggerListener.log Command line argument:             -Djava.protocol.handler.pkgs=org.apache.catalina.webresources
29-May-2024 22:47:14.420 INFO [main] org.apache.catalina.startup.VersionLoggerListener.log Command line argument:             --add-opens=java.base/java.lang=ALL-UNNAMED
29-May-2024 22:47:14.420 INFO [main] org.apache.catalina.startup.VersionLoggerListener.log Command line argument:             --add-opens=java.base/java.io=ALL-UNNAMED
29-May-2024 22:47:14.420 INFO [main] org.apache.catalina.startup.VersionLoggerListener.log Command line argument:             --add-opens=java.base/java.util=ALL-UNNAMED
29-May-2024 22:47:14.420 INFO [main] org.apache.catalina.startup.VersionLoggerListener.log Command line argument:             --add-opens=java.base/java.util.concurrent=ALL-UNNAMED
29-May-2024 22:47:14.420 INFO [main] org.apache.catalina.startup.VersionLoggerListener.log Command line argument:             --add-opens=java.rmi/sun.rmi.transport=ALL-UNNAMED
29-May-2024 22:47:14.421 INFO [main] org.apache.catalina.startup.VersionLoggerListener.log Command line argument:             -Dcatalina.base=E:\UTP TRABAJOS\MARZO 2024\DESARROLLO WEB INTEGRADO\apache-tomcat-10.1.12
29-May-2024 22:47:14.421 INFO [main] org.apache.catalina.startup.VersionLoggerListener.log Command line argument:             -Dcatalina.home=E:\UTP TRABAJOS\MARZO 2024\DESARROLLO WEB INTEGRADO\apache-tomcat-10.1.12
29-May-2024 22:47:14.421 INFO [main] org.apache.catalina.startup.VersionLoggerListener.log Command line argument:             -Djava.io.tmpdir=E:\UTP TRABAJOS\MARZO 2024\DESARROLLO WEB INTEGRADO\apache-tomcat-10.1.12\temp
29-May-2024 22:47:14.518 INFO [main] org.apache.catalina.core.AprLifecycleListener.lifecycleEvent Cargada la biblioteca nativa APR de Apache Tomcat [2.0.5] con la versión APR [1.7.4].
29-May-2024 22:47:14.593 INFO [main] org.apache.catalina.core.AprLifecycleListener.initializeSSL OpenSSL inicializado correctamente [OpenSSL 3.0.10 1 Aug 2023]
29-May-2024 22:47:14.786 INFO [main] org.apache.coyote.AbstractProtocol.init Inicializando el manejador de protocolo ["http-nio-8080"]

29-May-2024 22:47:14.813 INFO [main] org.apache.catalina.startup.Catalina.load Server initialization in [597] milliseconds
29-May-2024 22:47:14.873 INFO [main] org.apache.catalina.core.StandardService.startInternal Arrancando servicio [Catalina]
29-May-2024 22:47:14.873 INFO [main] org.apache.catalina.core.StandardEngine.startInternal Starting Servlet engine: [Apache Tomcat/10.1.12]
29-May-2024 22:47:14.888 INFO [main] org.apache.catalina.startup.HostConfig.deployDescriptor Desplieque del descriptor de configuración [E:\UTP TRABAJOS\MARZO 2024\DESARROLLO WEB INTEGRADO\apache-tomcat-10.1.12\conf\Catalina\localhost\Proyecto_DWI.xml]
29-May-2024 22:47:14.913 WARNING [main] org.apache.catalina.startup.HostConfig.deployDescriptor The path attribute with value [/Proyecto_DWI] in deployment descriptor [E:\UTP TRABAJOS\MARZO 2024\DESARROLLO WEB INTEGRADO\apache-tomcat-10.1.12\conf\Catalina\localhost\Proyecto_DWI.xml] has been ignored
29-May-2024 22:47:14.961 SEVERE [main] org.apache.catalina.startup.HostConfig.deployDescriptor Error durante el despliegue del descriptor de configuración [E:\UTP TRABAJOS\MARZO 2024\DESARROLLO WEB INTEGRADO\apache-tomcat-10.1.12\conf\Catalina\localhost\Proyecto_DWI.xml]
	java.lang.IllegalStateException: Error starting child
		at org.apache.catalina.core.ContainerBase.addChildInternal(ContainerBase.java:686)
		at org.apache.catalina.core.ContainerBase.addChild(ContainerBase.java:658)
		at org.apache.catalina.core.StandardHost.addChild(StandardHost.java:713)
		at org.apache.catalina.startup.HostConfig.deployDescriptor(HostConfig.java:641)
		at org.apache.catalina.startup.HostConfig$DeployDescriptor.run(HostConfig.java:1927)
		at java.base/java.util.concurrent.Executors$RunnableAdapter.call(Executors.java:539)
		at java.base/java.util.concurrent.FutureTask.run(FutureTask.java:264)
		at org.apache.tomcat.util.threads.InlineExecutorService.execute(InlineExecutorService.java:75)
		at java.base/java.util.concurrent.AbstractExecutorService.submit(AbstractExecutorService.java:123)
		at org.apache.catalina.startup.HostConfig.deployDescriptors(HostConfig.java:534)
		at org.apache.catalina.startup.HostConfig.deployApps(HostConfig.java:424)
		at org.apache.catalina.startup.HostConfig.start(HostConfig.java:1656)
		at org.apache.catalina.startup.HostConfig.lifecycleEvent(HostConfig.java:309)
		at org.apache.catalina.util.LifecycleBase.fireLifecycleEvent(LifecycleBase.java:123)
		at org.apache.catalina.util.LifecycleBase.setStateInternal(LifecycleBase.java:423)
		at org.apache.catalina.util.LifecycleBase.setState(LifecycleBase.java:366)
		at org.apache.catalina.core.ContainerBase.startInternal(ContainerBase.java:893)
		at org.apache.catalina.core.StandardHost.startInternal(StandardHost.java:846)
		at org.apache.catalina.util.LifecycleBase.start(LifecycleBase.java:183)
		at org.apache.catalina.core.ContainerBase$StartChild.call(ContainerBase.java:1328)
		at org.apache.catalina.core.ContainerBase$StartChild.call(ContainerBase.java:1318)
		at java.base/java.util.concurrent.FutureTask.run(FutureTask.java:264)
		at org.apache.tomcat.util.threads.InlineExecutorService.execute(InlineExecutorService.java:75)
		at java.base/java.util.concurrent.AbstractExecutorService.submit(AbstractExecutorService.java:145)
		at org.apache.catalina.core.ContainerBase.startInternal(ContainerBase.java:866)
		at org.apache.catalina.core.StandardEngine.startInternal(StandardEngine.java:241)
		at org.apache.catalina.util.LifecycleBase.start(LifecycleBase.java:183)
		at org.apache.catalina.core.StandardService.startInternal(StandardService.java:428)
		at org.apache.catalina.util.LifecycleBase.start(LifecycleBase.java:183)
		at org.apache.catalina.core.StandardServer.startInternal(StandardServer.java:918)
		at org.apache.catalina.util.LifecycleBase.start(LifecycleBase.java:183)
		at org.apache.catalina.startup.Catalina.start(Catalina.java:795)
		at java.base/jdk.internal.reflect.NativeMethodAccessorImpl.invoke0(Native Method)
		at java.base/jdk.internal.reflect.NativeMethodAccessorImpl.invoke(NativeMethodAccessorImpl.java:77)
		at java.base/jdk.internal.reflect.DelegatingMethodAccessorImpl.invoke(DelegatingMethodAccessorImpl.java:43)
		at java.base/java.lang.reflect.Method.invoke(Method.java:568)
		at org.apache.catalina.startup.Bootstrap.start(Bootstrap.java:347)
		at org.apache.catalina.startup.Bootstrap.main(Bootstrap.java:478)
	Caused by: org.apache.catalina.LifecycleException: Failed to start component [org.apache.catalina.webresources.StandardRoot@74287ea3]
		at org.apache.catalina.util.LifecycleBase.handleSubClassException(LifecycleBase.java:440)
		at org.apache.catalina.util.LifecycleBase.start(LifecycleBase.java:198)
		at org.apache.catalina.core.StandardContext.resourcesStart(StandardContext.java:4571)
		at org.apache.catalina.core.StandardContext.startInternal(StandardContext.java:4704)
		at org.apache.catalina.util.LifecycleBase.start(LifecycleBase.java:183)
		at org.apache.catalina.core.ContainerBase.addChildInternal(ContainerBase.java:683)
		... 37 more
	Caused by: java.lang.IllegalArgumentException: The main resource set specified [C:\Users\EDWARD\Downloads\Nueva carpeta\Proyecto_Avance_DWI\build\web] is not a directory or war file, or is not readable (it does not exist or permissions to access it are missing)
		at org.apache.catalina.webresources.StandardRoot.createMainResourceSet(StandardRoot.java:749)
		at org.apache.catalina.webresources.StandardRoot.startInternal(StandardRoot.java:707)
		at org.apache.catalina.util.LifecycleBase.start(LifecycleBase.java:183)
		... 41 more
29-May-2024 22:47:14.991 INFO [main] org.apache.catalina.startup.HostConfig.deployDescriptor Deployment of deployment descriptor [E:\UTP TRABAJOS\MARZO 2024\DESARROLLO WEB INTEGRADO\apache-tomcat-10.1.12\conf\Catalina\localhost\Proyecto_DWI.xml] has finished in [101] ms
29-May-2024 22:47:14.991 INFO [main] org.apache.catalina.startup.HostConfig.deployDescriptor Desplieque del descriptor de configuración [E:\UTP TRABAJOS\MARZO 2024\DESARROLLO WEB INTEGRADO\apache-tomcat-10.1.12\conf\Catalina\localhost\Proyecto_TaypaFastFood.xml]
29-May-2024 22:47:14.992 WARNING [main] org.apache.catalina.startup.HostConfig.deployDescriptor The path attribute with value [/Proyecto_TaypaFastFood] in deployment descriptor [E:\UTP TRABAJOS\MARZO 2024\DESARROLLO WEB INTEGRADO\apache-tomcat-10.1.12\conf\Catalina\localhost\Proyecto_TaypaFastFood.xml] has been ignored
29-May-2024 22:47:15.002 SEVERE [main] org.apache.catalina.startup.HostConfig.deployDescriptor Error durante el despliegue del descriptor de configuración [E:\UTP TRABAJOS\MARZO 2024\DESARROLLO WEB INTEGRADO\apache-tomcat-10.1.12\conf\Catalina\localhost\Proyecto_TaypaFastFood.xml]
	java.lang.IllegalStateException: Error starting child
		at org.apache.catalina.core.ContainerBase.addChildInternal(ContainerBase.java:686)
		at org.apache.catalina.core.ContainerBase.addChild(ContainerBase.java:658)
		at org.apache.catalina.core.StandardHost.addChild(StandardHost.java:713)
		at org.apache.catalina.startup.HostConfig.deployDescriptor(HostConfig.java:641)
		at org.apache.catalina.startup.HostConfig$DeployDescriptor.run(HostConfig.java:1927)
		at java.base/java.util.concurrent.Executors$RunnableAdapter.call(Executors.java:539)
		at java.base/java.util.concurrent.FutureTask.run(FutureTask.java:264)
		at org.apache.tomcat.util.threads.InlineExecutorService.execute(InlineExecutorService.java:75)
		at java.base/java.util.concurrent.AbstractExecutorService.submit(AbstractExecutorService.java:123)
		at org.apache.catalina.startup.HostConfig.deployDescriptors(HostConfig.java:534)
		at org.apache.catalina.startup.HostConfig.deployApps(HostConfig.java:424)
		at org.apache.catalina.startup.HostConfig.start(HostConfig.java:1656)
		at org.apache.catalina.startup.HostConfig.lifecycleEvent(HostConfig.java:309)
		at org.apache.catalina.util.LifecycleBase.fireLifecycleEvent(LifecycleBase.java:123)
		at org.apache.catalina.util.LifecycleBase.setStateInternal(LifecycleBase.java:423)
		at org.apache.catalina.util.LifecycleBase.setState(LifecycleBase.java:366)
		at org.apache.catalina.core.ContainerBase.startInternal(ContainerBase.java:893)
		at org.apache.catalina.core.StandardHost.startInternal(StandardHost.java:846)
		at org.apache.catalina.util.LifecycleBase.start(LifecycleBase.java:183)
		at org.apache.catalina.core.ContainerBase$StartChild.call(ContainerBase.java:1328)
		at org.apache.catalina.core.ContainerBase$StartChild.call(ContainerBase.java:1318)
		at java.base/java.util.concurrent.FutureTask.run(FutureTask.java:264)
		at org.apache.tomcat.util.threads.InlineExecutorService.execute(InlineExecutorService.java:75)
		at java.base/java.util.concurrent.AbstractExecutorService.submit(AbstractExecutorService.java:145)
		at org.apache.catalina.core.ContainerBase.startInternal(ContainerBase.java:866)
		at org.apache.catalina.core.StandardEngine.startInternal(StandardEngine.java:241)
		at org.apache.catalina.util.LifecycleBase.start(LifecycleBase.java:183)
		at org.apache.catalina.core.StandardService.startInternal(StandardService.java:428)
		at org.apache.catalina.util.LifecycleBase.start(LifecycleBase.java:183)
		at org.apache.catalina.core.StandardServer.startInternal(StandardServer.java:918)
		at org.apache.catalina.util.LifecycleBase.start(LifecycleBase.java:183)
		at org.apache.catalina.startup.Catalina.start(Catalina.java:795)
		at java.base/jdk.internal.reflect.NativeMethodAccessorImpl.invoke0(Native Method)
		at java.base/jdk.internal.reflect.NativeMethodAccessorImpl.invoke(NativeMethodAccessorImpl.java:77)
		at java.base/jdk.internal.reflect.DelegatingMethodAccessorImpl.invoke(DelegatingMethodAccessorImpl.java:43)
		at java.base/java.lang.reflect.Method.invoke(Method.java:568)
		at org.apache.catalina.startup.Bootstrap.start(Bootstrap.java:347)
		at org.apache.catalina.startup.Bootstrap.main(Bootstrap.java:478)
	Caused by: org.apache.catalina.LifecycleException: Failed to start component [org.apache.catalina.webresources.StandardRoot@18317edc]
		at org.apache.catalina.util.LifecycleBase.handleSubClassException(LifecycleBase.java:440)
		at org.apache.catalina.util.LifecycleBase.start(LifecycleBase.java:198)
		at org.apache.catalina.core.StandardContext.resourcesStart(StandardContext.java:4571)
		at org.apache.catalina.core.StandardContext.startInternal(StandardContext.java:4704)
		at org.apache.catalina.util.LifecycleBase.start(LifecycleBase.java:183)
		at org.apache.catalina.core.ContainerBase.addChildInternal(ContainerBase.java:683)
		... 37 more
	Caused by: java.lang.IllegalArgumentException: The main resource set specified [C:\Users\EDWARD\Downloads\Nueva carpeta\Proyecto_TaypaFastFood\build\web] is not a directory or war file, or is not readable (it does not exist or permissions to access it are missing)
		at org.apache.catalina.webresources.StandardRoot.createMainResourceSet(StandardRoot.java:749)
		at org.apache.catalina.webresources.StandardRoot.startInternal(StandardRoot.java:707)
		at org.apache.catalina.util.LifecycleBase.start(LifecycleBase.java:183)
		... 41 more
29-May-2024 22:47:15.096 INFO [main] org.apache.catalina.startup.HostConfig.deployDescriptor Deployment of deployment descriptor [E:\UTP TRABAJOS\MARZO 2024\DESARROLLO WEB INTEGRADO\apache-tomcat-10.1.12\conf\Catalina\localhost\Proyecto_TaypaFastFood.xml] has finished in [104] ms
29-May-2024 22:47:15.096 INFO [main] org.apache.catalina.startup.HostConfig.deployDescriptor Desplieque del descriptor de configuración [E:\UTP TRABAJOS\MARZO 2024\DESARROLLO WEB INTEGRADO\apache-tomcat-10.1.12\conf\Catalina\localhost\pryBootstrap.xml]
29-May-2024 22:47:15.097 WARNING [main] org.apache.catalina.startup.HostConfig.deployDescriptor The path attribute with value [/pryBootstrap] in deployment descriptor [E:\UTP TRABAJOS\MARZO 2024\DESARROLLO WEB INTEGRADO\apache-tomcat-10.1.12\conf\Catalina\localhost\pryBootstrap.xml] has been ignored
29-May-2024 22:47:15.103 SEVERE [main] org.apache.catalina.startup.HostConfig.deployDescriptor Error durante el despliegue del descriptor de configuración [E:\UTP TRABAJOS\MARZO 2024\DESARROLLO WEB INTEGRADO\apache-tomcat-10.1.12\conf\Catalina\localhost\pryBootstrap.xml]
	java.lang.IllegalStateException: Error starting child
		at org.apache.catalina.core.ContainerBase.addChildInternal(ContainerBase.java:686)
		at org.apache.catalina.core.ContainerBase.addChild(ContainerBase.java:658)
		at org.apache.catalina.core.StandardHost.addChild(StandardHost.java:713)
		at org.apache.catalina.startup.HostConfig.deployDescriptor(HostConfig.java:641)
		at org.apache.catalina.startup.HostConfig$DeployDescriptor.run(HostConfig.java:1927)
		at java.base/java.util.concurrent.Executors$RunnableAdapter.call(Executors.java:539)
		at java.base/java.util.concurrent.FutureTask.run(FutureTask.java:264)
		at org.apache.tomcat.util.threads.InlineExecutorService.execute(InlineExecutorService.java:75)
		at java.base/java.util.concurrent.AbstractExecutorService.submit(AbstractExecutorService.java:123)
		at org.apache.catalina.startup.HostConfig.deployDescriptors(HostConfig.java:534)
		at org.apache.catalina.startup.HostConfig.deployApps(HostConfig.java:424)
		at org.apache.catalina.startup.HostConfig.start(HostConfig.java:1656)
		at org.apache.catalina.startup.HostConfig.lifecycleEvent(HostConfig.java:309)
		at org.apache.catalina.util.LifecycleBase.fireLifecycleEvent(LifecycleBase.java:123)
		at org.apache.catalina.util.LifecycleBase.setStateInternal(LifecycleBase.java:423)
		at org.apache.catalina.util.LifecycleBase.setState(LifecycleBase.java:366)
		at org.apache.catalina.core.ContainerBase.startInternal(ContainerBase.java:893)
		at org.apache.catalina.core.StandardHost.startInternal(StandardHost.java:846)
		at org.apache.catalina.util.LifecycleBase.start(LifecycleBase.java:183)
		at org.apache.catalina.core.ContainerBase$StartChild.call(ContainerBase.java:1328)
		at org.apache.catalina.core.ContainerBase$StartChild.call(ContainerBase.java:1318)
		at java.base/java.util.concurrent.FutureTask.run(FutureTask.java:264)
		at org.apache.tomcat.util.threads.InlineExecutorService.execute(InlineExecutorService.java:75)
		at java.base/java.util.concurrent.AbstractExecutorService.submit(AbstractExecutorService.java:145)
		at org.apache.catalina.core.ContainerBase.startInternal(ContainerBase.java:866)
		at org.apache.catalina.core.StandardEngine.startInternal(StandardEngine.java:241)
		at org.apache.catalina.util.LifecycleBase.start(LifecycleBase.java:183)
		at org.apache.catalina.core.StandardService.startInternal(StandardService.java:428)
		at org.apache.catalina.util.LifecycleBase.start(LifecycleBase.java:183)
		at org.apache.catalina.core.StandardServer.startInternal(StandardServer.java:918)
		at org.apache.catalina.util.LifecycleBase.start(LifecycleBase.java:183)
		at org.apache.catalina.startup.Catalina.start(Catalina.java:795)
		at java.base/jdk.internal.reflect.NativeMethodAccessorImpl.invoke0(Native Method)
		at java.base/jdk.internal.reflect.NativeMethodAccessorImpl.invoke(NativeMethodAccessorImpl.java:77)
		at java.base/jdk.internal.reflect.DelegatingMethodAccessorImpl.invoke(DelegatingMethodAccessorImpl.java:43)
		at java.base/java.lang.reflect.Method.invoke(Method.java:568)
		at org.apache.catalina.startup.Bootstrap.start(Bootstrap.java:347)
		at org.apache.catalina.startup.Bootstrap.main(Bootstrap.java:478)
	Caused by: org.apache.catalina.LifecycleException: Failed to start component [org.apache.catalina.webresources.StandardRoot@4b86805d]
		at org.apache.catalina.util.LifecycleBase.handleSubClassException(LifecycleBase.java:440)
		at org.apache.catalina.util.LifecycleBase.start(LifecycleBase.java:198)
		at org.apache.catalina.core.StandardContext.resourcesStart(StandardContext.java:4571)
		at org.apache.catalina.core.StandardContext.startInternal(StandardContext.java:4704)
		at org.apache.catalina.util.LifecycleBase.start(LifecycleBase.java:183)
		at org.apache.catalina.core.ContainerBase.addChildInternal(ContainerBase.java:683)
		... 37 more
	Caused by: java.lang.IllegalArgumentException: The main resource set specified [C:\Users\EDWARD\Downloads\Semana 9\pryBootstrap\build\web] is not a directory or war file, or is not readable (it does not exist or permissions to access it are missing)
		at org.apache.catalina.webresources.StandardRoot.createMainResourceSet(StandardRoot.java:749)
		at org.apache.catalina.webresources.StandardRoot.startInternal(StandardRoot.java:707)
		at org.apache.catalina.util.LifecycleBase.start(LifecycleBase.java:183)
		... 41 more
29-May-2024 22:47:15.158 INFO [main] org.apache.catalina.startup.HostConfig.deployDescriptor Deployment of deployment descriptor [E:\UTP TRABAJOS\MARZO 2024\DESARROLLO WEB INTEGRADO\apache-tomcat-10.1.12\conf\Catalina\localhost\pryBootstrap.xml] has finished in [62] ms
29-May-2024 22:47:15.158 INFO [main] org.apache.catalina.startup.HostConfig.deployDescriptor Desplieque del descriptor de configuración [E:\UTP TRABAJOS\MARZO 2024\DESARROLLO WEB INTEGRADO\apache-tomcat-10.1.12\conf\Catalina\localhost\pryWebInicio.xml]
29-May-2024 22:47:15.160 WARNING [main] org.apache.catalina.startup.HostConfig.deployDescriptor The path attribute with value [/pryWebInicio] in deployment descriptor [E:\UTP TRABAJOS\MARZO 2024\DESARROLLO WEB INTEGRADO\apache-tomcat-10.1.12\conf\Catalina\localhost\pryWebInicio.xml] has been ignored
29-May-2024 22:47:15.446 INFO [main] org.apache.catalina.startup.HostConfig.deployDescriptor Deployment of deployment descriptor [E:\UTP TRABAJOS\MARZO 2024\DESARROLLO WEB INTEGRADO\apache-tomcat-10.1.12\conf\Catalina\localhost\pryWebInicio.xml] has finished in [288] ms
29-May-2024 22:47:15.447 INFO [main] org.apache.catalina.startup.HostConfig.deployDirectory Desplegando el directorio [E:\UTP TRABAJOS\MARZO 2024\DESARROLLO WEB INTEGRADO\apache-tomcat-10.1.12\webapps\docs] de la aplicación web
29-May-2024 22:47:15.537 INFO [main] org.apache.catalina.startup.HostConfig.deployDirectory Deployment of web application directory [E:\UTP TRABAJOS\MARZO 2024\DESARROLLO WEB INTEGRADO\apache-tomcat-10.1.12\webapps\docs] has finished in [90] ms
29-May-2024 22:47:15.537 INFO [main] org.apache.catalina.startup.HostConfig.deployDirectory Desplegando el directorio [E:\UTP TRABAJOS\MARZO 2024\DESARROLLO WEB INTEGRADO\apache-tomcat-10.1.12\webapps\examples] de la aplicación web
29-May-2024 22:47:16.148 INFO [main] org.apache.catalina.startup.HostConfig.deployDirectory Deployment of web application directory [E:\UTP TRABAJOS\MARZO 2024\DESARROLLO WEB INTEGRADO\apache-tomcat-10.1.12\webapps\examples] has finished in [611] ms
29-May-2024 22:47:16.148 INFO [main] org.apache.catalina.startup.HostConfig.deployDirectory Desplegando el directorio [E:\UTP TRABAJOS\MARZO 2024\DESARROLLO WEB INTEGRADO\apache-tomcat-10.1.12\webapps\host-manager] de la aplicación web
29-May-2024 22:47:16.183 INFO [main] org.apache.catalina.startup.HostConfig.deployDirectory Deployment of web application directory [E:\UTP TRABAJOS\MARZO 2024\DESARROLLO WEB INTEGRADO\apache-tomcat-10.1.12\webapps\host-manager] has finished in [34] ms
29-May-2024 22:47:16.183 INFO [main] org.apache.catalina.startup.HostConfig.deployDirectory Desplegando el directorio [E:\UTP TRABAJOS\MARZO 2024\DESARROLLO WEB INTEGRADO\apache-tomcat-10.1.12\webapps\manager] de la aplicación web
29-May-2024 22:47:16.210 INFO [main] org.apache.catalina.startup.HostConfig.deployDirectory Deployment of web application directory [E:\UTP TRABAJOS\MARZO 2024\DESARROLLO WEB INTEGRADO\apache-tomcat-10.1.12\webapps\manager] has finished in [27] ms
29-May-2024 22:47:16.210 INFO [main] org.apache.catalina.startup.HostConfig.deployDirectory Desplegando el directorio [E:\UTP TRABAJOS\MARZO 2024\DESARROLLO WEB INTEGRADO\apache-tomcat-10.1.12\webapps\ROOT] de la aplicación web
29-May-2024 22:47:16.226 INFO [main] org.apache.catalina.startup.HostConfig.deployDirectory Deployment of web application directory [E:\UTP TRABAJOS\MARZO 2024\DESARROLLO WEB INTEGRADO\apache-tomcat-10.1.12\webapps\ROOT] has finished in [16] ms
29-May-2024 22:47:16.229 INFO [main] org.apache.coyote.AbstractProtocol.start Starting ProtocolHandler ["http-nio-8080"]
29-May-2024 22:47:16.272 INFO [main] org.apache.catalina.startup.Catalina.start Server startup in [1459] milliseconds
29-May-2024 22:47:18.500 INFO [http-nio-8080-exec-8] org.apache.catalina.startup.HostConfig.undeploy Repliegue (undeploy) de la aplicación web que tiene como trayectoria de contexto [/Proyecto_TaypaFastFood]
29-May-2024 22:47:18.520 INFO [http-nio-8080-exec-1] org.apache.catalina.startup.HostConfig.deployDescriptor Desplieque del descriptor de configuración [E:\UTP TRABAJOS\MARZO 2024\DESARROLLO WEB INTEGRADO\apache-tomcat-10.1.12\conf\Catalina\localhost\Proyecto_TaypaFastFood.xml]
29-May-2024 22:47:18.521 WARNING [http-nio-8080-exec-1] org.apache.catalina.startup.HostConfig.deployDescriptor The path attribute with value [/Proyecto_TaypaFastFood] in deployment descriptor [E:\UTP TRABAJOS\MARZO 2024\DESARROLLO WEB INTEGRADO\apache-tomcat-10.1.12\conf\Catalina\localhost\Proyecto_TaypaFastFood.xml] has been ignored
29-May-2024 22:47:18.865 INFO [http-nio-8080-exec-1] org.apache.jasper.servlet.TldScanner.scanJars Al menos un JAR, que se ha explorado buscando TLDs, aún no contenía TLDs. Activar historial de depuración para este historiador para una completa lista de los JARs que fueron explorados y de los que nos se halló TLDs. Saltarse JARs no necesarios durante la exploración puede dar lugar a una mejora de tiempo significativa en el arranque y compilación de JSP .
29-May-2024 22:47:18.883 INFO [http-nio-8080-exec-1] org.apache.catalina.startup.HostConfig.deployDescriptor Deployment of deployment descriptor [E:\UTP TRABAJOS\MARZO 2024\DESARROLLO WEB INTEGRADO\apache-tomcat-10.1.12\conf\Catalina\localhost\Proyecto_TaypaFastFood.xml] has finished in [363] ms
29-May-2024 22:47:18.886 INFO [http-nio-8080-exec-9] org.apache.catalina.util.LifecycleBase.start The start() method was called on component [StandardEngine[Catalina].StandardHost[localhost].StandardContext[/Proyecto_TaypaFastFood]] after start() had already been called. The second call will be ignored.
29-May-2024 22:54:28.109 INFO [http-nio-8080-exec-16] org.apache.catalina.startup.HostConfig.undeploy Repliegue (undeploy) de la aplicación web que tiene como trayectoria de contexto [/Proyecto_TaypaFastFood]
29-May-2024 22:54:28.124 INFO [http-nio-8080-exec-14] org.apache.catalina.startup.HostConfig.deployDescriptor Desplieque del descriptor de configuración [E:\UTP TRABAJOS\MARZO 2024\DESARROLLO WEB INTEGRADO\apache-tomcat-10.1.12\conf\Catalina\localhost\Proyecto_TaypaFastFood.xml]
29-May-2024 22:54:28.125 WARNING [http-nio-8080-exec-14] org.apache.catalina.startup.HostConfig.deployDescriptor The path attribute with value [/Proyecto_TaypaFastFood] in deployment descriptor [E:\UTP TRABAJOS\MARZO 2024\DESARROLLO WEB INTEGRADO\apache-tomcat-10.1.12\conf\Catalina\localhost\Proyecto_TaypaFastFood.xml] has been ignored
29-May-2024 22:54:28.451 INFO [http-nio-8080-exec-14] org.apache.jasper.servlet.TldScanner.scanJars Al menos un JAR, que se ha explorado buscando TLDs, aún no contenía TLDs. Activar historial de depuración para este historiador para una completa lista de los JARs que fueron explorados y de los que nos se halló TLDs. Saltarse JARs no necesarios durante la exploración puede dar lugar a una mejora de tiempo significativa en el arranque y compilación de JSP .
29-May-2024 22:54:28.475 INFO [http-nio-8080-exec-14] org.apache.catalina.startup.HostConfig.deployDescriptor Deployment of deployment descriptor [E:\UTP TRABAJOS\MARZO 2024\DESARROLLO WEB INTEGRADO\apache-tomcat-10.1.12\conf\Catalina\localhost\Proyecto_TaypaFastFood.xml] has finished in [351] ms
29-May-2024 22:54:28.478 INFO [http-nio-8080-exec-18] org.apache.catalina.util.LifecycleBase.start The start() method was called on component [StandardEngine[Catalina].StandardHost[localhost].StandardContext[/Proyecto_TaypaFastFood]] after start() had already been called. The second call will be ignored.
