05-Aug-2024 16:26:16.125 INFO [main] org.apache.catalina.startup.VersionLoggerListener.log Nombre de la versión del servidor: Apache Tomcat/10.1.12
05-Aug-2024 16:26:16.127 INFO [main] org.apache.catalina.startup.VersionLoggerListener.log Server built:                      Aug 8 2023 19:16:13 UTC
05-Aug-2024 16:26:16.127 INFO [main] org.apache.catalina.startup.VersionLoggerListener.log Número de versión de servidor:     10.1.12.0
05-Aug-2024 16:26:16.128 INFO [main] org.apache.catalina.startup.VersionLoggerListener.log OS Name:                           Windows 10
05-Aug-2024 16:26:16.128 INFO [main] org.apache.catalina.startup.VersionLoggerListener.log Versión de Systema Operativo:      10.0
05-Aug-2024 16:26:16.128 INFO [main] org.apache.catalina.startup.VersionLoggerListener.log Arquitectura:                      amd64
05-Aug-2024 16:26:16.128 INFO [main] org.apache.catalina.startup.VersionLoggerListener.log Java Home:                         C:\Program Files\Java\jdk-17
05-Aug-2024 16:26:16.128 INFO [main] org.apache.catalina.startup.VersionLoggerListener.log JVM Version:                       17.0.7+8-LTS-224
05-Aug-2024 16:26:16.128 INFO [main] org.apache.catalina.startup.VersionLoggerListener.log Vededor JVM:                       Oracle Corporation
05-Aug-2024 16:26:16.128 INFO [main] org.apache.catalina.startup.VersionLoggerListener.log CATALINA_BASE:                     E:\UTP TRABAJOS\MARZO 2024\DESARROLLO WEB INTEGRADO\apache-tomcat-10.1.12
05-Aug-2024 16:26:16.128 INFO [main] org.apache.catalina.startup.VersionLoggerListener.log CATALINA_HOME:                     E:\UTP TRABAJOS\MARZO 2024\DESARROLLO WEB INTEGRADO\apache-tomcat-10.1.12
05-Aug-2024 16:26:16.137 INFO [main] org.apache.catalina.startup.VersionLoggerListener.log Command line argument:             -Djava.util.logging.config.file=E:\UTP TRABAJOS\MARZO 2024\DESARROLLO WEB INTEGRADO\apache-tomcat-10.1.12\conf\logging.properties
05-Aug-2024 16:26:16.137 INFO [main] org.apache.catalina.startup.VersionLoggerListener.log Command line argument:             -Djava.util.logging.manager=org.apache.juli.ClassLoaderLogManager
05-Aug-2024 16:26:16.137 INFO [main] org.apache.catalina.startup.VersionLoggerListener.log Command line argument:             -Djdk.tls.ephemeralDHKeySize=2048
05-Aug-2024 16:26:16.137 INFO [main] org.apache.catalina.startup.VersionLoggerListener.log Command line argument:             -Djava.protocol.handler.pkgs=org.apache.catalina.webresources
05-Aug-2024 16:26:16.137 INFO [main] org.apache.catalina.startup.VersionLoggerListener.log Command line argument:             --add-opens=java.base/java.lang=ALL-UNNAMED
05-Aug-2024 16:26:16.137 INFO [main] org.apache.catalina.startup.VersionLoggerListener.log Command line argument:             --add-opens=java.base/java.io=ALL-UNNAMED
05-Aug-2024 16:26:16.137 INFO [main] org.apache.catalina.startup.VersionLoggerListener.log Command line argument:             --add-opens=java.base/java.util=ALL-UNNAMED
05-Aug-2024 16:26:16.138 INFO [main] org.apache.catalina.startup.VersionLoggerListener.log Command line argument:             --add-opens=java.base/java.util.concurrent=ALL-UNNAMED
05-Aug-2024 16:26:16.138 INFO [main] org.apache.catalina.startup.VersionLoggerListener.log Command line argument:             --add-opens=java.rmi/sun.rmi.transport=ALL-UNNAMED
05-Aug-2024 16:26:16.138 INFO [main] org.apache.catalina.startup.VersionLoggerListener.log Command line argument:             -Dcatalina.base=E:\UTP TRABAJOS\MARZO 2024\DESARROLLO WEB INTEGRADO\apache-tomcat-10.1.12
05-Aug-2024 16:26:16.138 INFO [main] org.apache.catalina.startup.VersionLoggerListener.log Command line argument:             -Dcatalina.home=E:\UTP TRABAJOS\MARZO 2024\DESARROLLO WEB INTEGRADO\apache-tomcat-10.1.12
05-Aug-2024 16:26:16.138 INFO [main] org.apache.catalina.startup.VersionLoggerListener.log Command line argument:             -Djava.io.tmpdir=E:\UTP TRABAJOS\MARZO 2024\DESARROLLO WEB INTEGRADO\apache-tomcat-10.1.12\temp
05-Aug-2024 16:26:16.220 INFO [main] org.apache.catalina.core.AprLifecycleListener.lifecycleEvent Cargada la biblioteca nativa APR de Apache Tomcat [2.0.5] con la versión APR [1.7.4].
05-Aug-2024 16:26:16.319 INFO [main] org.apache.catalina.core.AprLifecycleListener.initializeSSL OpenSSL inicializado correctamente [OpenSSL 3.0.10 1 Aug 2023]
05-Aug-2024 16:26:16.566 INFO [main] org.apache.coyote.AbstractProtocol.init Inicializando el manejador de protocolo ["http-nio-8080"]

05-Aug-2024 16:26:16.592 INFO [main] org.apache.catalina.startup.Catalina.load Server initialization in [734] milliseconds
05-Aug-2024 16:26:16.657 INFO [main] org.apache.catalina.core.StandardService.startInternal Arrancando servicio [Catalina]
05-Aug-2024 16:26:16.657 INFO [main] org.apache.catalina.core.StandardEngine.startInternal Starting Servlet engine: [Apache Tomcat/10.1.12]
05-Aug-2024 16:26:16.667 INFO [main] org.apache.catalina.startup.HostConfig.deployDescriptor Desplieque del descriptor de configuración [E:\UTP TRABAJOS\MARZO 2024\DESARROLLO WEB INTEGRADO\apache-tomcat-10.1.12\conf\Catalina\localhost\Proyecto_DWI.xml]
05-Aug-2024 16:26:16.691 WARNING [main] org.apache.catalina.startup.HostConfig.deployDescriptor The path attribute with value [/Proyecto_DWI] in deployment descriptor [E:\UTP TRABAJOS\MARZO 2024\DESARROLLO WEB INTEGRADO\apache-tomcat-10.1.12\conf\Catalina\localhost\Proyecto_DWI.xml] has been ignored
05-Aug-2024 16:26:16.741 SEVERE [main] org.apache.catalina.startup.HostConfig.deployDescriptor Error durante el despliegue del descriptor de configuración [E:\UTP TRABAJOS\MARZO 2024\DESARROLLO WEB INTEGRADO\apache-tomcat-10.1.12\conf\Catalina\localhost\Proyecto_DWI.xml]
	java.lang.IllegalStateException: Error starting child
		at org.apache.catalina.core.ContainerBase.addChildInternal(ContainerBase.java:686)
		at org.apache.catalina.core.ContainerBase.addChild(ContainerBase.java:658)
		at org.apache.catalina.core.StandardHost.addChild(StandardHost.java:713)
		at org.apache.catalina.startup.HostConfig.deployDescriptor(HostConfig.java:641)
		at org.apache.catalina.startup.HostConfig$DeployDescriptor.run(HostConfig.java:1927)
		at java.base/java.util.concurrent.Executors$RunnableAdapter.call(Executors.java:539)
		at java.base/java.util.concurrent.FutureTask.run(FutureTask.java:264)
		at org.apache.tomcat.util.threads.InlineExecutorService.execute(InlineExecutorService.java:75)
		at java.base/java.util.concurrent.AbstractExecutorService.submit(AbstractExecutorService.java:123)
		at org.apache.catalina.startup.HostConfig.deployDescriptors(HostConfig.java:534)
		at org.apache.catalina.startup.HostConfig.deployApps(HostConfig.java:424)
		at org.apache.catalina.startup.HostConfig.start(HostConfig.java:1656)
		at org.apache.catalina.startup.HostConfig.lifecycleEvent(HostConfig.java:309)
		at org.apache.catalina.util.LifecycleBase.fireLifecycleEvent(LifecycleBase.java:123)
		at org.apache.catalina.util.LifecycleBase.setStateInternal(LifecycleBase.java:423)
		at org.apache.catalina.util.LifecycleBase.setState(LifecycleBase.java:366)
		at org.apache.catalina.core.ContainerBase.startInternal(ContainerBase.java:893)
		at org.apache.catalina.core.StandardHost.startInternal(StandardHost.java:846)
		at org.apache.catalina.util.LifecycleBase.start(LifecycleBase.java:183)
		at org.apache.catalina.core.ContainerBase$StartChild.call(ContainerBase.java:1328)
		at org.apache.catalina.core.ContainerBase$StartChild.call(ContainerBase.java:1318)
		at java.base/java.util.concurrent.FutureTask.run(FutureTask.java:264)
		at org.apache.tomcat.util.threads.InlineExecutorService.execute(InlineExecutorService.java:75)
		at java.base/java.util.concurrent.AbstractExecutorService.submit(AbstractExecutorService.java:145)
		at org.apache.catalina.core.ContainerBase.startInternal(ContainerBase.java:866)
		at org.apache.catalina.core.StandardEngine.startInternal(StandardEngine.java:241)
		at org.apache.catalina.util.LifecycleBase.start(LifecycleBase.java:183)
		at org.apache.catalina.core.StandardService.startInternal(StandardService.java:428)
		at org.apache.catalina.util.LifecycleBase.start(LifecycleBase.java:183)
		at org.apache.catalina.core.StandardServer.startInternal(StandardServer.java:918)
		at org.apache.catalina.util.LifecycleBase.start(LifecycleBase.java:183)
		at org.apache.catalina.startup.Catalina.start(Catalina.java:795)
		at java.base/jdk.internal.reflect.NativeMethodAccessorImpl.invoke0(Native Method)
		at java.base/jdk.internal.reflect.NativeMethodAccessorImpl.invoke(NativeMethodAccessorImpl.java:77)
		at java.base/jdk.internal.reflect.DelegatingMethodAccessorImpl.invoke(DelegatingMethodAccessorImpl.java:43)
		at java.base/java.lang.reflect.Method.invoke(Method.java:568)
		at org.apache.catalina.startup.Bootstrap.start(Bootstrap.java:347)
		at org.apache.catalina.startup.Bootstrap.main(Bootstrap.java:478)
	Caused by: org.apache.catalina.LifecycleException: Failed to start component [org.apache.catalina.webresources.StandardRoot@4a07d605]
		at org.apache.catalina.util.LifecycleBase.handleSubClassException(LifecycleBase.java:440)
		at org.apache.catalina.util.LifecycleBase.start(LifecycleBase.java:198)
		at org.apache.catalina.core.StandardContext.resourcesStart(StandardContext.java:4571)
		at org.apache.catalina.core.StandardContext.startInternal(StandardContext.java:4704)
		at org.apache.catalina.util.LifecycleBase.start(LifecycleBase.java:183)
		at org.apache.catalina.core.ContainerBase.addChildInternal(ContainerBase.java:683)
		... 37 more
	Caused by: java.lang.IllegalArgumentException: The main resource set specified [C:\Users\EDWARD\Downloads\Nueva carpeta\Proyecto_Avance_DWI\build\web] is not a directory or war file, or is not readable (it does not exist or permissions to access it are missing)
		at org.apache.catalina.webresources.StandardRoot.createMainResourceSet(StandardRoot.java:749)
		at org.apache.catalina.webresources.StandardRoot.startInternal(StandardRoot.java:707)
		at org.apache.catalina.util.LifecycleBase.start(LifecycleBase.java:183)
		... 41 more
05-Aug-2024 16:26:16.771 INFO [main] org.apache.catalina.startup.HostConfig.deployDescriptor Deployment of deployment descriptor [E:\UTP TRABAJOS\MARZO 2024\DESARROLLO WEB INTEGRADO\apache-tomcat-10.1.12\conf\Catalina\localhost\Proyecto_DWI.xml] has finished in [102] ms
05-Aug-2024 16:26:16.771 INFO [main] org.apache.catalina.startup.HostConfig.deployDescriptor Desplieque del descriptor de configuración [E:\UTP TRABAJOS\MARZO 2024\DESARROLLO WEB INTEGRADO\apache-tomcat-10.1.12\conf\Catalina\localhost\Proyecto_TaypaFastFood.xml]
05-Aug-2024 16:26:16.772 WARNING [main] org.apache.catalina.startup.HostConfig.deployDescriptor The path attribute with value [/Proyecto_TaypaFastFood] in deployment descriptor [E:\UTP TRABAJOS\MARZO 2024\DESARROLLO WEB INTEGRADO\apache-tomcat-10.1.12\conf\Catalina\localhost\Proyecto_TaypaFastFood.xml] has been ignored
05-Aug-2024 16:26:17.688 INFO [main] org.apache.jasper.servlet.TldScanner.scanJars Al menos un JAR, que se ha explorado buscando TLDs, aún no contenía TLDs. Activar historial de depuración para este historiador para una completa lista de los JARs que fueron explorados y de los que nos se halló TLDs. Saltarse JARs no necesarios durante la exploración puede dar lugar a una mejora de tiempo significativa en el arranque y compilación de JSP .
05-Aug-2024 16:26:17.827 INFO [main] org.apache.catalina.startup.HostConfig.deployDescriptor Deployment of deployment descriptor [E:\UTP TRABAJOS\MARZO 2024\DESARROLLO WEB INTEGRADO\apache-tomcat-10.1.12\conf\Catalina\localhost\Proyecto_TaypaFastFood.xml] has finished in [1.056] ms
05-Aug-2024 16:26:17.827 INFO [main] org.apache.catalina.startup.HostConfig.deployDescriptor Desplieque del descriptor de configuración [E:\UTP TRABAJOS\MARZO 2024\DESARROLLO WEB INTEGRADO\apache-tomcat-10.1.12\conf\Catalina\localhost\pryBootstrap.xml]
05-Aug-2024 16:26:17.828 WARNING [main] org.apache.catalina.startup.HostConfig.deployDescriptor The path attribute with value [/pryBootstrap] in deployment descriptor [E:\UTP TRABAJOS\MARZO 2024\DESARROLLO WEB INTEGRADO\apache-tomcat-10.1.12\conf\Catalina\localhost\pryBootstrap.xml] has been ignored
05-Aug-2024 16:26:17.832 SEVERE [main] org.apache.catalina.startup.HostConfig.deployDescriptor Error durante el despliegue del descriptor de configuración [E:\UTP TRABAJOS\MARZO 2024\DESARROLLO WEB INTEGRADO\apache-tomcat-10.1.12\conf\Catalina\localhost\pryBootstrap.xml]
	java.lang.IllegalStateException: Error starting child
		at org.apache.catalina.core.ContainerBase.addChildInternal(ContainerBase.java:686)
		at org.apache.catalina.core.ContainerBase.addChild(ContainerBase.java:658)
		at org.apache.catalina.core.StandardHost.addChild(StandardHost.java:713)
		at org.apache.catalina.startup.HostConfig.deployDescriptor(HostConfig.java:641)
		at org.apache.catalina.startup.HostConfig$DeployDescriptor.run(HostConfig.java:1927)
		at java.base/java.util.concurrent.Executors$RunnableAdapter.call(Executors.java:539)
		at java.base/java.util.concurrent.FutureTask.run(FutureTask.java:264)
		at org.apache.tomcat.util.threads.InlineExecutorService.execute(InlineExecutorService.java:75)
		at java.base/java.util.concurrent.AbstractExecutorService.submit(AbstractExecutorService.java:123)
		at org.apache.catalina.startup.HostConfig.deployDescriptors(HostConfig.java:534)
		at org.apache.catalina.startup.HostConfig.deployApps(HostConfig.java:424)
		at org.apache.catalina.startup.HostConfig.start(HostConfig.java:1656)
		at org.apache.catalina.startup.HostConfig.lifecycleEvent(HostConfig.java:309)
		at org.apache.catalina.util.LifecycleBase.fireLifecycleEvent(LifecycleBase.java:123)
		at org.apache.catalina.util.LifecycleBase.setStateInternal(LifecycleBase.java:423)
		at org.apache.catalina.util.LifecycleBase.setState(LifecycleBase.java:366)
		at org.apache.catalina.core.ContainerBase.startInternal(ContainerBase.java:893)
		at org.apache.catalina.core.StandardHost.startInternal(StandardHost.java:846)
		at org.apache.catalina.util.LifecycleBase.start(LifecycleBase.java:183)
		at org.apache.catalina.core.ContainerBase$StartChild.call(ContainerBase.java:1328)
		at org.apache.catalina.core.ContainerBase$StartChild.call(ContainerBase.java:1318)
		at java.base/java.util.concurrent.FutureTask.run(FutureTask.java:264)
		at org.apache.tomcat.util.threads.InlineExecutorService.execute(InlineExecutorService.java:75)
		at java.base/java.util.concurrent.AbstractExecutorService.submit(AbstractExecutorService.java:145)
		at org.apache.catalina.core.ContainerBase.startInternal(ContainerBase.java:866)
		at org.apache.catalina.core.StandardEngine.startInternal(StandardEngine.java:241)
		at org.apache.catalina.util.LifecycleBase.start(LifecycleBase.java:183)
		at org.apache.catalina.core.StandardService.startInternal(StandardService.java:428)
		at org.apache.catalina.util.LifecycleBase.start(LifecycleBase.java:183)
		at org.apache.catalina.core.StandardServer.startInternal(StandardServer.java:918)
		at org.apache.catalina.util.LifecycleBase.start(LifecycleBase.java:183)
		at org.apache.catalina.startup.Catalina.start(Catalina.java:795)
		at java.base/jdk.internal.reflect.NativeMethodAccessorImpl.invoke0(Native Method)
		at java.base/jdk.internal.reflect.NativeMethodAccessorImpl.invoke(NativeMethodAccessorImpl.java:77)
		at java.base/jdk.internal.reflect.DelegatingMethodAccessorImpl.invoke(DelegatingMethodAccessorImpl.java:43)
		at java.base/java.lang.reflect.Method.invoke(Method.java:568)
		at org.apache.catalina.startup.Bootstrap.start(Bootstrap.java:347)
		at org.apache.catalina.startup.Bootstrap.main(Bootstrap.java:478)
	Caused by: org.apache.catalina.LifecycleException: Failed to start component [org.apache.catalina.webresources.StandardRoot@4d178d55]
		at org.apache.catalina.util.LifecycleBase.handleSubClassException(LifecycleBase.java:440)
		at org.apache.catalina.util.LifecycleBase.start(LifecycleBase.java:198)
		at org.apache.catalina.core.StandardContext.resourcesStart(StandardContext.java:4571)
		at org.apache.catalina.core.StandardContext.startInternal(StandardContext.java:4704)
		at org.apache.catalina.util.LifecycleBase.start(LifecycleBase.java:183)
		at org.apache.catalina.core.ContainerBase.addChildInternal(ContainerBase.java:683)
		... 37 more
	Caused by: java.lang.IllegalArgumentException: The main resource set specified [C:\Users\EDWARD\Downloads\Semana 9\pryBootstrap\build\web] is not a directory or war file, or is not readable (it does not exist or permissions to access it are missing)
		at org.apache.catalina.webresources.StandardRoot.createMainResourceSet(StandardRoot.java:749)
		at org.apache.catalina.webresources.StandardRoot.startInternal(StandardRoot.java:707)
		at org.apache.catalina.util.LifecycleBase.start(LifecycleBase.java:183)
		... 41 more
05-Aug-2024 16:26:17.842 INFO [main] org.apache.catalina.startup.HostConfig.deployDescriptor Deployment of deployment descriptor [E:\UTP TRABAJOS\MARZO 2024\DESARROLLO WEB INTEGRADO\apache-tomcat-10.1.12\conf\Catalina\localhost\pryBootstrap.xml] has finished in [15] ms
05-Aug-2024 16:26:17.842 INFO [main] org.apache.catalina.startup.HostConfig.deployDescriptor Desplieque del descriptor de configuración [E:\UTP TRABAJOS\MARZO 2024\DESARROLLO WEB INTEGRADO\apache-tomcat-10.1.12\conf\Catalina\localhost\pryWebInicio.xml]
05-Aug-2024 16:26:17.850 WARNING [main] org.apache.catalina.startup.HostConfig.deployDescriptor The path attribute with value [/pryWebInicio] in deployment descriptor [E:\UTP TRABAJOS\MARZO 2024\DESARROLLO WEB INTEGRADO\apache-tomcat-10.1.12\conf\Catalina\localhost\pryWebInicio.xml] has been ignored
05-Aug-2024 16:26:17.882 INFO [main] org.apache.catalina.startup.HostConfig.deployDescriptor Deployment of deployment descriptor [E:\UTP TRABAJOS\MARZO 2024\DESARROLLO WEB INTEGRADO\apache-tomcat-10.1.12\conf\Catalina\localhost\pryWebInicio.xml] has finished in [40] ms
05-Aug-2024 16:26:17.882 INFO [main] org.apache.catalina.startup.HostConfig.deployDirectory Desplegando el directorio [E:\UTP TRABAJOS\MARZO 2024\DESARROLLO WEB INTEGRADO\apache-tomcat-10.1.12\webapps\docs] de la aplicación web
05-Aug-2024 16:26:18.004 INFO [main] org.apache.catalina.startup.HostConfig.deployDirectory Deployment of web application directory [E:\UTP TRABAJOS\MARZO 2024\DESARROLLO WEB INTEGRADO\apache-tomcat-10.1.12\webapps\docs] has finished in [122] ms
05-Aug-2024 16:26:18.004 INFO [main] org.apache.catalina.startup.HostConfig.deployDirectory Desplegando el directorio [E:\UTP TRABAJOS\MARZO 2024\DESARROLLO WEB INTEGRADO\apache-tomcat-10.1.12\webapps\examples] de la aplicación web
05-Aug-2024 16:26:18.711 INFO [main] org.apache.catalina.startup.HostConfig.deployDirectory Deployment of web application directory [E:\UTP TRABAJOS\MARZO 2024\DESARROLLO WEB INTEGRADO\apache-tomcat-10.1.12\webapps\examples] has finished in [707] ms
05-Aug-2024 16:26:18.712 INFO [main] org.apache.catalina.startup.HostConfig.deployDirectory Desplegando el directorio [E:\UTP TRABAJOS\MARZO 2024\DESARROLLO WEB INTEGRADO\apache-tomcat-10.1.12\webapps\host-manager] de la aplicación web
05-Aug-2024 16:26:18.746 INFO [main] org.apache.catalina.startup.HostConfig.deployDirectory Deployment of web application directory [E:\UTP TRABAJOS\MARZO 2024\DESARROLLO WEB INTEGRADO\apache-tomcat-10.1.12\webapps\host-manager] has finished in [33] ms
05-Aug-2024 16:26:18.746 INFO [main] org.apache.catalina.startup.HostConfig.deployDirectory Desplegando el directorio [E:\UTP TRABAJOS\MARZO 2024\DESARROLLO WEB INTEGRADO\apache-tomcat-10.1.12\webapps\manager] de la aplicación web
05-Aug-2024 16:26:18.803 INFO [main] org.apache.catalina.startup.HostConfig.deployDirectory Deployment of web application directory [E:\UTP TRABAJOS\MARZO 2024\DESARROLLO WEB INTEGRADO\apache-tomcat-10.1.12\webapps\manager] has finished in [57] ms
05-Aug-2024 16:26:18.804 INFO [main] org.apache.catalina.startup.HostConfig.deployDirectory Desplegando el directorio [E:\UTP TRABAJOS\MARZO 2024\DESARROLLO WEB INTEGRADO\apache-tomcat-10.1.12\webapps\ROOT] de la aplicación web
05-Aug-2024 16:26:18.837 INFO [main] org.apache.catalina.startup.HostConfig.deployDirectory Deployment of web application directory [E:\UTP TRABAJOS\MARZO 2024\DESARROLLO WEB INTEGRADO\apache-tomcat-10.1.12\webapps\ROOT] has finished in [33] ms
05-Aug-2024 16:26:18.840 INFO [main] org.apache.coyote.AbstractProtocol.start Starting ProtocolHandler ["http-nio-8080"]
05-Aug-2024 16:26:18.880 INFO [main] org.apache.catalina.startup.Catalina.start Server startup in [2288] milliseconds
05-Aug-2024 16:26:23.433 INFO [http-nio-8080-exec-9] org.apache.catalina.startup.HostConfig.undeploy Repliegue (undeploy) de la aplicación web que tiene como trayectoria de contexto [/Proyecto_TaypaFastFood]
05-Aug-2024 16:26:23.477 INFO [http-nio-8080-exec-7] org.apache.catalina.startup.HostConfig.deployDescriptor Desplieque del descriptor de configuración [E:\UTP TRABAJOS\MARZO 2024\DESARROLLO WEB INTEGRADO\apache-tomcat-10.1.12\conf\Catalina\localhost\Proyecto_TaypaFastFood.xml]
05-Aug-2024 16:26:23.478 WARNING [http-nio-8080-exec-7] org.apache.catalina.startup.HostConfig.deployDescriptor The path attribute with value [/Proyecto_TaypaFastFood] in deployment descriptor [E:\UTP TRABAJOS\MARZO 2024\DESARROLLO WEB INTEGRADO\apache-tomcat-10.1.12\conf\Catalina\localhost\Proyecto_TaypaFastFood.xml] has been ignored
05-Aug-2024 16:26:23.758 INFO [http-nio-8080-exec-7] org.apache.jasper.servlet.TldScanner.scanJars Al menos un JAR, que se ha explorado buscando TLDs, aún no contenía TLDs. Activar historial de depuración para este historiador para una completa lista de los JARs que fueron explorados y de los que nos se halló TLDs. Saltarse JARs no necesarios durante la exploración puede dar lugar a una mejora de tiempo significativa en el arranque y compilación de JSP .
05-Aug-2024 16:26:23.769 INFO [http-nio-8080-exec-7] org.apache.catalina.startup.HostConfig.deployDescriptor Deployment of deployment descriptor [E:\UTP TRABAJOS\MARZO 2024\DESARROLLO WEB INTEGRADO\apache-tomcat-10.1.12\conf\Catalina\localhost\Proyecto_TaypaFastFood.xml] has finished in [292] ms
05-Aug-2024 16:26:23.772 INFO [http-nio-8080-exec-3] org.apache.catalina.util.LifecycleBase.start The start() method was called on component [StandardEngine[Catalina].StandardHost[localhost].StandardContext[/Proyecto_TaypaFastFood]] after start() had already been called. The second call will be ignored.
