17-Jul-2024 00:30:18.635 INFO [http-nio-8080-exec-26] org.apache.catalina.startup.HostConfig.undeploy Repliegue (undeploy) de la aplicación web que tiene como trayectoria de contexto [/Proyecto_TaypaFastFood]
17-Jul-2024 00:30:18.647 INFO [http-nio-8080-exec-28] org.apache.catalina.startup.HostConfig.deployDescriptor Desplieque del descriptor de configuración [E:\UTP TRABAJOS\MARZO 2024\DESARROLLO WEB INTEGRADO\apache-tomcat-10.1.12\conf\Catalina\localhost\Proyecto_TaypaFastFood.xml]
17-Jul-2024 00:30:18.648 WARNING [http-nio-8080-exec-28] org.apache.catalina.startup.HostConfig.deployDescriptor The path attribute with value [/Proyecto_TaypaFastFood] in deployment descriptor [E:\UTP TRABAJOS\MARZO 2024\DESARROLLO WEB INTEGRADO\apache-tomcat-10.1.12\conf\Catalina\localhost\Proyecto_TaypaFastFood.xml] has been ignored
17-Jul-2024 00:30:19.053 INFO [http-nio-8080-exec-28] org.apache.jasper.servlet.TldScanner.scanJars Al menos un JAR, que se ha explorado buscando TLDs, aún no contenía TLDs. Activar historial de depuración para este historiador para una completa lista de los JARs que fueron explorados y de los que nos se halló TLDs. Saltarse JARs no necesarios durante la exploración puede dar lugar a una mejora de tiempo significativa en el arranque y compilación de JSP .
17-Jul-2024 00:30:19.061 INFO [http-nio-8080-exec-28] org.apache.catalina.startup.HostConfig.deployDescriptor Deployment of deployment descriptor [E:\UTP TRABAJOS\MARZO 2024\DESARROLLO WEB INTEGRADO\apache-tomcat-10.1.12\conf\Catalina\localhost\Proyecto_TaypaFastFood.xml] has finished in [414] ms
17-Jul-2024 00:30:19.063 INFO [http-nio-8080-exec-31] org.apache.catalina.util.LifecycleBase.start The start() method was called on component [StandardEngine[Catalina].StandardHost[localhost].StandardContext[/Proyecto_TaypaFastFood]] after start() had already been called. The second call will be ignored.
17-Jul-2024 00:31:51.420 INFO [http-nio-8080-exec-29] org.apache.catalina.core.StandardContext.reload Ha comenzado la recarga de Contexto [/Proyecto_TaypaFastFood]
17-Jul-2024 00:31:51.638 INFO [http-nio-8080-exec-29] org.apache.jasper.servlet.TldScanner.scanJars Al menos un JAR, que se ha explorado buscando TLDs, aún no contenía TLDs. Activar historial de depuración para este historiador para una completa lista de los JARs que fueron explorados y de los que nos se halló TLDs. Saltarse JARs no necesarios durante la exploración puede dar lugar a una mejora de tiempo significativa en el arranque y compilación de JSP .
17-Jul-2024 00:31:51.647 INFO [http-nio-8080-exec-29] org.apache.catalina.core.StandardContext.reload Se ha completado la recarga de este Contexto
17-Jul-2024 00:34:08.819 INFO [http-nio-8080-exec-44] org.apache.catalina.core.StandardContext.reload Ha comenzado la recarga de Contexto [/Proyecto_TaypaFastFood]
17-Jul-2024 00:34:09.109 INFO [http-nio-8080-exec-44] org.apache.jasper.servlet.TldScanner.scanJars Al menos un JAR, que se ha explorado buscando TLDs, aún no contenía TLDs. Activar historial de depuración para este historiador para una completa lista de los JARs que fueron explorados y de los que nos se halló TLDs. Saltarse JARs no necesarios durante la exploración puede dar lugar a una mejora de tiempo significativa en el arranque y compilación de JSP .
17-Jul-2024 00:34:09.117 INFO [http-nio-8080-exec-44] org.apache.catalina.core.StandardContext.reload Se ha completado la recarga de este Contexto
17-Jul-2024 00:34:10.162 INFO [http-nio-8080-exec-41] org.apache.catalina.core.StandardContext.reload Ha comenzado la recarga de Contexto [/Proyecto_TaypaFastFood]
17-Jul-2024 00:34:10.425 INFO [http-nio-8080-exec-41] org.apache.jasper.servlet.TldScanner.scanJars Al menos un JAR, que se ha explorado buscando TLDs, aún no contenía TLDs. Activar historial de depuración para este historiador para una completa lista de los JARs que fueron explorados y de los que nos se halló TLDs. Saltarse JARs no necesarios durante la exploración puede dar lugar a una mejora de tiempo significativa en el arranque y compilación de JSP .
17-Jul-2024 00:34:10.431 INFO [http-nio-8080-exec-41] org.apache.catalina.core.StandardContext.reload Se ha completado la recarga de este Contexto
17-Jul-2024 00:34:15.172 INFO [http-nio-8080-exec-32] org.apache.catalina.startup.HostConfig.undeploy Repliegue (undeploy) de la aplicación web que tiene como trayectoria de contexto [/Proyecto_TaypaFastFood]
17-Jul-2024 00:34:15.180 INFO [http-nio-8080-exec-40] org.apache.catalina.startup.HostConfig.deployDescriptor Desplieque del descriptor de configuración [E:\UTP TRABAJOS\MARZO 2024\DESARROLLO WEB INTEGRADO\apache-tomcat-10.1.12\conf\Catalina\localhost\Proyecto_TaypaFastFood.xml]
17-Jul-2024 00:34:15.180 WARNING [http-nio-8080-exec-40] org.apache.catalina.startup.HostConfig.deployDescriptor The path attribute with value [/Proyecto_TaypaFastFood] in deployment descriptor [E:\UTP TRABAJOS\MARZO 2024\DESARROLLO WEB INTEGRADO\apache-tomcat-10.1.12\conf\Catalina\localhost\Proyecto_TaypaFastFood.xml] has been ignored
17-Jul-2024 00:34:15.434 INFO [http-nio-8080-exec-40] org.apache.jasper.servlet.TldScanner.scanJars Al menos un JAR, que se ha explorado buscando TLDs, aún no contenía TLDs. Activar historial de depuración para este historiador para una completa lista de los JARs que fueron explorados y de los que nos se halló TLDs. Saltarse JARs no necesarios durante la exploración puede dar lugar a una mejora de tiempo significativa en el arranque y compilación de JSP .
17-Jul-2024 00:34:15.442 INFO [http-nio-8080-exec-40] org.apache.catalina.startup.HostConfig.deployDescriptor Deployment of deployment descriptor [E:\UTP TRABAJOS\MARZO 2024\DESARROLLO WEB INTEGRADO\apache-tomcat-10.1.12\conf\Catalina\localhost\Proyecto_TaypaFastFood.xml] has finished in [263] ms
17-Jul-2024 00:34:15.444 INFO [http-nio-8080-exec-46] org.apache.catalina.util.LifecycleBase.start The start() method was called on component [StandardEngine[Catalina].StandardHost[localhost].StandardContext[/Proyecto_TaypaFastFood]] after start() had already been called. The second call will be ignored.
17-Jul-2024 00:35:14.991 INFO [http-nio-8080-exec-50] org.apache.catalina.core.StandardContext.reload Ha comenzado la recarga de Contexto [/Proyecto_TaypaFastFood]
17-Jul-2024 00:35:15.188 INFO [http-nio-8080-exec-50] org.apache.jasper.servlet.TldScanner.scanJars Al menos un JAR, que se ha explorado buscando TLDs, aún no contenía TLDs. Activar historial de depuración para este historiador para una completa lista de los JARs que fueron explorados y de los que nos se halló TLDs. Saltarse JARs no necesarios durante la exploración puede dar lugar a una mejora de tiempo significativa en el arranque y compilación de JSP .
17-Jul-2024 00:35:15.195 INFO [http-nio-8080-exec-50] org.apache.catalina.core.StandardContext.reload Se ha completado la recarga de este Contexto
17-Jul-2024 00:36:04.814 INFO [http-nio-8080-exec-47] org.apache.catalina.core.StandardContext.reload Ha comenzado la recarga de Contexto [/Proyecto_TaypaFastFood]
17-Jul-2024 00:36:05.239 INFO [http-nio-8080-exec-47] org.apache.jasper.servlet.TldScanner.scanJars Al menos un JAR, que se ha explorado buscando TLDs, aún no contenía TLDs. Activar historial de depuración para este historiador para una completa lista de los JARs que fueron explorados y de los que nos se halló TLDs. Saltarse JARs no necesarios durante la exploración puede dar lugar a una mejora de tiempo significativa en el arranque y compilación de JSP .
17-Jul-2024 00:36:05.245 INFO [http-nio-8080-exec-47] org.apache.catalina.core.StandardContext.reload Se ha completado la recarga de este Contexto
17-Jul-2024 00:36:05.560 INFO [http-nio-8080-exec-48] org.apache.catalina.core.StandardContext.reload Ha comenzado la recarga de Contexto [/Proyecto_TaypaFastFood]
17-Jul-2024 00:36:06.002 INFO [http-nio-8080-exec-48] org.apache.jasper.servlet.TldScanner.scanJars Al menos un JAR, que se ha explorado buscando TLDs, aún no contenía TLDs. Activar historial de depuración para este historiador para una completa lista de los JARs que fueron explorados y de los que nos se halló TLDs. Saltarse JARs no necesarios durante la exploración puede dar lugar a una mejora de tiempo significativa en el arranque y compilación de JSP .
17-Jul-2024 00:36:06.011 INFO [http-nio-8080-exec-48] org.apache.catalina.core.StandardContext.reload Se ha completado la recarga de este Contexto
17-Jul-2024 00:36:06.339 INFO [http-nio-8080-exec-49] org.apache.catalina.core.StandardContext.reload Ha comenzado la recarga de Contexto [/Proyecto_TaypaFastFood]
17-Jul-2024 00:36:06.715 INFO [http-nio-8080-exec-49] org.apache.jasper.servlet.TldScanner.scanJars Al menos un JAR, que se ha explorado buscando TLDs, aún no contenía TLDs. Activar historial de depuración para este historiador para una completa lista de los JARs que fueron explorados y de los que nos se halló TLDs. Saltarse JARs no necesarios durante la exploración puede dar lugar a una mejora de tiempo significativa en el arranque y compilación de JSP .
17-Jul-2024 00:36:06.722 INFO [http-nio-8080-exec-49] org.apache.catalina.core.StandardContext.reload Se ha completado la recarga de este Contexto
17-Jul-2024 00:36:12.035 INFO [http-nio-8080-exec-51] org.apache.catalina.startup.HostConfig.undeploy Repliegue (undeploy) de la aplicación web que tiene como trayectoria de contexto [/Proyecto_TaypaFastFood]
17-Jul-2024 00:36:12.042 INFO [http-nio-8080-exec-47] org.apache.catalina.startup.HostConfig.deployDescriptor Desplieque del descriptor de configuración [E:\UTP TRABAJOS\MARZO 2024\DESARROLLO WEB INTEGRADO\apache-tomcat-10.1.12\conf\Catalina\localhost\Proyecto_TaypaFastFood.xml]
17-Jul-2024 00:36:12.043 WARNING [http-nio-8080-exec-47] org.apache.catalina.startup.HostConfig.deployDescriptor The path attribute with value [/Proyecto_TaypaFastFood] in deployment descriptor [E:\UTP TRABAJOS\MARZO 2024\DESARROLLO WEB INTEGRADO\apache-tomcat-10.1.12\conf\Catalina\localhost\Proyecto_TaypaFastFood.xml] has been ignored
17-Jul-2024 00:36:12.414 INFO [http-nio-8080-exec-47] org.apache.jasper.servlet.TldScanner.scanJars Al menos un JAR, que se ha explorado buscando TLDs, aún no contenía TLDs. Activar historial de depuración para este historiador para una completa lista de los JARs que fueron explorados y de los que nos se halló TLDs. Saltarse JARs no necesarios durante la exploración puede dar lugar a una mejora de tiempo significativa en el arranque y compilación de JSP .
17-Jul-2024 00:36:12.421 INFO [http-nio-8080-exec-47] org.apache.catalina.startup.HostConfig.deployDescriptor Deployment of deployment descriptor [E:\UTP TRABAJOS\MARZO 2024\DESARROLLO WEB INTEGRADO\apache-tomcat-10.1.12\conf\Catalina\localhost\Proyecto_TaypaFastFood.xml] has finished in [379] ms
17-Jul-2024 00:36:12.423 INFO [http-nio-8080-exec-55] org.apache.catalina.util.LifecycleBase.start The start() method was called on component [StandardEngine[Catalina].StandardHost[localhost].StandardContext[/Proyecto_TaypaFastFood]] after start() had already been called. The second call will be ignored.
17-Jul-2024 00:36:32.593 INFO [http-nio-8080-exec-60] org.apache.catalina.core.StandardContext.reload Ha comenzado la recarga de Contexto [/Proyecto_TaypaFastFood]
17-Jul-2024 00:36:32.797 INFO [http-nio-8080-exec-60] org.apache.jasper.servlet.TldScanner.scanJars Al menos un JAR, que se ha explorado buscando TLDs, aún no contenía TLDs. Activar historial de depuración para este historiador para una completa lista de los JARs que fueron explorados y de los que nos se halló TLDs. Saltarse JARs no necesarios durante la exploración puede dar lugar a una mejora de tiempo significativa en el arranque y compilación de JSP .
17-Jul-2024 00:36:32.804 INFO [http-nio-8080-exec-60] org.apache.catalina.core.StandardContext.reload Se ha completado la recarga de este Contexto
17-Jul-2024 00:37:37.610 INFO [http-nio-8080-exec-62] org.apache.catalina.startup.HostConfig.undeploy Repliegue (undeploy) de la aplicación web que tiene como trayectoria de contexto [/Proyecto_TaypaFastFood]
17-Jul-2024 00:37:37.617 INFO [http-nio-8080-exec-60] org.apache.catalina.startup.HostConfig.deployDescriptor Desplieque del descriptor de configuración [E:\UTP TRABAJOS\MARZO 2024\DESARROLLO WEB INTEGRADO\apache-tomcat-10.1.12\conf\Catalina\localhost\Proyecto_TaypaFastFood.xml]
17-Jul-2024 00:37:37.618 WARNING [http-nio-8080-exec-60] org.apache.catalina.startup.HostConfig.deployDescriptor The path attribute with value [/Proyecto_TaypaFastFood] in deployment descriptor [E:\UTP TRABAJOS\MARZO 2024\DESARROLLO WEB INTEGRADO\apache-tomcat-10.1.12\conf\Catalina\localhost\Proyecto_TaypaFastFood.xml] has been ignored
17-Jul-2024 00:37:37.819 INFO [http-nio-8080-exec-60] org.apache.jasper.servlet.TldScanner.scanJars Al menos un JAR, que se ha explorado buscando TLDs, aún no contenía TLDs. Activar historial de depuración para este historiador para una completa lista de los JARs que fueron explorados y de los que nos se halló TLDs. Saltarse JARs no necesarios durante la exploración puede dar lugar a una mejora de tiempo significativa en el arranque y compilación de JSP .
17-Jul-2024 00:37:37.826 INFO [http-nio-8080-exec-60] org.apache.catalina.startup.HostConfig.deployDescriptor Deployment of deployment descriptor [E:\UTP TRABAJOS\MARZO 2024\DESARROLLO WEB INTEGRADO\apache-tomcat-10.1.12\conf\Catalina\localhost\Proyecto_TaypaFastFood.xml] has finished in [209] ms
17-Jul-2024 00:37:37.828 INFO [http-nio-8080-exec-47] org.apache.catalina.util.LifecycleBase.start The start() method was called on component [StandardEngine[Catalina].StandardHost[localhost].StandardContext[/Proyecto_TaypaFastFood]] after start() had already been called. The second call will be ignored.
17-Jul-2024 00:50:44.475 INFO [http-nio-8080-exec-71] org.apache.catalina.startup.HostConfig.undeploy Repliegue (undeploy) de la aplicación web que tiene como trayectoria de contexto [/Proyecto_TaypaFastFood]
17-Jul-2024 00:50:44.481 INFO [http-nio-8080-exec-66] org.apache.catalina.startup.HostConfig.deployDescriptor Desplieque del descriptor de configuración [E:\UTP TRABAJOS\MARZO 2024\DESARROLLO WEB INTEGRADO\apache-tomcat-10.1.12\conf\Catalina\localhost\Proyecto_TaypaFastFood.xml]
17-Jul-2024 00:50:44.482 WARNING [http-nio-8080-exec-66] org.apache.catalina.startup.HostConfig.deployDescriptor The path attribute with value [/Proyecto_TaypaFastFood] in deployment descriptor [E:\UTP TRABAJOS\MARZO 2024\DESARROLLO WEB INTEGRADO\apache-tomcat-10.1.12\conf\Catalina\localhost\Proyecto_TaypaFastFood.xml] has been ignored
17-Jul-2024 00:50:44.684 INFO [http-nio-8080-exec-66] org.apache.jasper.servlet.TldScanner.scanJars Al menos un JAR, que se ha explorado buscando TLDs, aún no contenía TLDs. Activar historial de depuración para este historiador para una completa lista de los JARs que fueron explorados y de los que nos se halló TLDs. Saltarse JARs no necesarios durante la exploración puede dar lugar a una mejora de tiempo significativa en el arranque y compilación de JSP .
17-Jul-2024 00:50:44.691 INFO [http-nio-8080-exec-66] org.apache.catalina.startup.HostConfig.deployDescriptor Deployment of deployment descriptor [E:\UTP TRABAJOS\MARZO 2024\DESARROLLO WEB INTEGRADO\apache-tomcat-10.1.12\conf\Catalina\localhost\Proyecto_TaypaFastFood.xml] has finished in [210] ms
17-Jul-2024 00:50:44.692 INFO [http-nio-8080-exec-68] org.apache.catalina.util.LifecycleBase.start The start() method was called on component [StandardEngine[Catalina].StandardHost[localhost].StandardContext[/Proyecto_TaypaFastFood]] after start() had already been called. The second call will be ignored.
17-Jul-2024 01:25:56.095 INFO [http-nio-8080-exec-78] org.apache.catalina.startup.HostConfig.undeploy Repliegue (undeploy) de la aplicación web que tiene como trayectoria de contexto [/Proyecto_TaypaFastFood]
17-Jul-2024 01:25:56.104 INFO [http-nio-8080-exec-85] org.apache.catalina.startup.HostConfig.deployDescriptor Desplieque del descriptor de configuración [E:\UTP TRABAJOS\MARZO 2024\DESARROLLO WEB INTEGRADO\apache-tomcat-10.1.12\conf\Catalina\localhost\Proyecto_TaypaFastFood.xml]
17-Jul-2024 01:25:56.105 WARNING [http-nio-8080-exec-85] org.apache.catalina.startup.HostConfig.deployDescriptor The path attribute with value [/Proyecto_TaypaFastFood] in deployment descriptor [E:\UTP TRABAJOS\MARZO 2024\DESARROLLO WEB INTEGRADO\apache-tomcat-10.1.12\conf\Catalina\localhost\Proyecto_TaypaFastFood.xml] has been ignored
17-Jul-2024 01:25:56.316 INFO [http-nio-8080-exec-85] org.apache.jasper.servlet.TldScanner.scanJars Al menos un JAR, que se ha explorado buscando TLDs, aún no contenía TLDs. Activar historial de depuración para este historiador para una completa lista de los JARs que fueron explorados y de los que nos se halló TLDs. Saltarse JARs no necesarios durante la exploración puede dar lugar a una mejora de tiempo significativa en el arranque y compilación de JSP .
17-Jul-2024 01:25:56.323 INFO [http-nio-8080-exec-85] org.apache.catalina.startup.HostConfig.deployDescriptor Deployment of deployment descriptor [E:\UTP TRABAJOS\MARZO 2024\DESARROLLO WEB INTEGRADO\apache-tomcat-10.1.12\conf\Catalina\localhost\Proyecto_TaypaFastFood.xml] has finished in [219] ms
17-Jul-2024 01:25:56.325 INFO [http-nio-8080-exec-80] org.apache.catalina.util.LifecycleBase.start The start() method was called on component [StandardEngine[Catalina].StandardHost[localhost].StandardContext[/Proyecto_TaypaFastFood]] after start() had already been called. The second call will be ignored.
17-Jul-2024 01:27:16.969 INFO [main] org.apache.catalina.core.StandardServer.await Se ha recibido un comando de apagado a través del puerto de apagado. Parando la instancia del Servidor.
17-Jul-2024 01:27:16.970 INFO [main] org.apache.coyote.AbstractProtocol.pause Pausing ProtocolHandler ["http-nio-8080"]
17-Jul-2024 01:27:16.976 INFO [main] org.apache.catalina.core.StandardService.stopInternal Parando servicio [Catalina]
17-Jul-2024 01:27:16.984 INFO [main] org.apache.coyote.AbstractProtocol.stop Stopping ProtocolHandler ["http-nio-8080"]
17-Jul-2024 01:27:16.987 INFO [main] org.apache.coyote.AbstractProtocol.destroy Destroying ProtocolHandler ["http-nio-8080"]
